
Loading MNIST Data...

Loading Training Data...

Loading Testing Data...

Preparing Classifier Training and Validation Data...

SVM Classifier with gamma = 0.1; Kernel = polynomial

Pickling the Classifier for Future Use...

Calculating Accuracy of trained Classifier...

Making Predictions on Validation Data...

Calculating Accuracy of Predictions...

Creating Confusion Matrix...

SVM Trained Classifier Accuracy:  0.9785

Predicted Values:  [3 4 0 ... 4 2 6]

Accuracy of Classifier on Validation Images:  0.9785

Confusion Matrix: 
 [[596   0   2   0   0   4   5   0   1   1]
 [  0 678   0   0   0   0   0   1   1   0]
 [  6   1 593   2   1   0   0   3   3   2]
 [  1   0   4 614   0   2   0   2   4   3]
 [  2   2   0   0 580   2   1   0   1   5]
 [  0   0   1   5   0 535   5   0   2   0]
 [  1   0   3   0   1   0 594   0   5   0]
 [  1   2   2   1   1   1   0 555   1   1]
 [  3   4   3   2   2   3   2   1 569   3]
 [  0   3   0   4   2   0   0   1   1 557]]

Making Predictions on Test Input Images...

Calculating Accuracy of Trained Classifier on Test Data... 

 Creating Confusion Matrix for Test Data...

Predicted Labels for Test Images:  [7 2 1 ... 4 5 6]

Accuracy of Classifier on Test Images:  0.9783

Confusion Matrix for Test Data: 
 [[ 971    0    1    0    0    3    2    1    2    0]
 [   0 1127    2    1    1    0    3    0    1    0]
 [   6    0 1010    0    2    1    3    7    3    0]
 [   0    2    2  987    0    5    0    5    6    3]
 [   1    0    3    0  967    0    4    0    0    7]
 [   3    0    1   12    1  862    5    1    4    3]
 [   6    5    1    0    3    4  937    0    2    0]
 [   0   10    9    2    1    0    0  999    0    7]
 [   4    1    1    4    5    6    1    3  947    2]
 [   3    6    1    4    9    3    1    3    3  976]]
