
Loading MNIST Data...

Loading Training Data...

Loading Testing Data...

Preparing Classifier Training and Validation Data...

Random Forest Classifier with n_estimators = 100, n_jobs = 10

Pickling the Classifier for Future Use...

Calculating Accuracy of trained Classifier...

Making Predictions on Validation Data...

Calculating Accuracy of Predictions...

Creating Confusion Matrix...

RFC Trained Classifier Confidence:  0.964

Predicted Values:  [7 8 2 ... 6 1 8]

Accuracy of Classifier on Validation Image Data:  0.964

Confusion Matrix: 
 [[579   1   1   1   0   1   0   0   2   2]
 [  0 628   2   1   1   1   0   0   2   1]
 [  4   1 610   3   3   0   2   7   4   0]
 [  1   2   8 570   0  14   1   3  10   7]
 [  1   0   1   0 546   0   0   1   1  12]
 [  1   1   2   8   0 518   3   0   3   2]
 [  2   0   1   0   2   3 571   0   1   0]
 [  1   4   6   0   0   0   0 615   1  16]
 [  1   1   0   8   5   5   4   0 578   8]
 [  2   1   0   7   9   1   0   2   3 569]]

Making Predictions on Test Input Images...

Calculating Accuracy of Trained Classifier on Test Data... 

Creating Confusion Matrix for Test Data...

Predicted Labels for Test Images:  [7 2 1 ... 4 5 6]

Accuracy of Classifier on Test Images:  0.9687

Confusion Matrix for Test Data: 
 [[ 972    0    0    0    0    3    1    1    3    0]
 [   0 1121    3    3    0    2    3    0    2    1]
 [   6    0  999    5    3    0    4    8    6    1]
 [   1    0   10  974    0    7    0    9    6    3]
 [   1    0    1    0  957    0    6    0    3   14]
 [   3    0    1   15    2  855    5    2    5    4]
 [   6    3    0    0    2    4  940    0    3    0]
 [   1    3   20    1    0    0    0  989    1   13]
 [   3    1    6    9    8    6    4    4  924    9]
 [   7    6    2   10   13    1    1    5    8  956]]
